<?xml version="1.0" encoding="UTF-8"?>
<!-- Generated by org.testng.reporters.JUnitReportReporter -->
<testsuite hostname="LTIN268997" failures="0" tests="11" name="TestCases.BaseTest" time="296.927" errors="0" timestamp="2024-03-26T13:14:13 IST" skipped="0">
  <testcase classname="TestCases.BaseTest" name="SearchWebDevelopment" time="23.284"/>
  <testcase classname="TestCases.BaseTest" name="SelectLevel" time="3.348"/>
  <testcase classname="TestCases.BaseTest" name="SelectLanguage" time="13.881"/>
  <testcase classname="TestCases.BaseTest" name="CourseList" time="77.400"/>
  <testcase classname="TestCases.BaseTest" name="SearchlearningLanguage" time="60.924"/>
  <testcase classname="TestCases.BaseTest" name="LanguageCount" time="0.758"/>
  <testcase classname="TestCases.BaseTest" name="LevelCount" time="27.429"/>
  <testcase classname="TestCases.BaseTest" name="ForEnterprise" time="58.854"/>
  <testcase classname="TestCases.BaseTest" name="ReadyToTransform" time="4.047"/>
  <testcase classname="TestCases.BaseTest" name="DropDowns" time="22.927"/>
  <testcase classname="TestCases.BaseTest" name="ErrorMessage" time="4.075"/>
</testsuite> <!-- TestCases.BaseTest -->
