<?xml version="1.0" encoding="UTF-8"?>
<!-- Generated by org.testng.reporters.JUnitReportReporter -->
<testsuite hostname="LTIN268997" failures="0" tests="11" name="TestCases.BaseTest" time="134.554" errors="0" timestamp="2024-02-28T14:27:02 IST" skipped="0">
  <testcase classname="TestCases.BaseTest" name="SearchWebDevelopment" time="7.682"/>
  <testcase classname="TestCases.BaseTest" name="SelectLevel" time="1.776"/>
  <testcase classname="TestCases.BaseTest" name="SelectLanguage" time="13.616"/>
  <testcase classname="TestCases.BaseTest" name="CourseList" time="22.416"/>
  <testcase classname="TestCases.BaseTest" name="SearchlearningLanguage" time="21.328"/>
  <testcase classname="TestCases.BaseTest" name="LanguageCount" time="0.552"/>
  <testcase classname="TestCases.BaseTest" name="LevelCount" time="8.452"/>
  <testcase classname="TestCases.BaseTest" name="ForEnterprise" time="28.400"/>
  <testcase classname="TestCases.BaseTest" name="ReadyToTransform" time="3.644"/>
  <testcase classname="TestCases.BaseTest" name="DropDowns" time="22.621"/>
  <testcase classname="TestCases.BaseTest" name="ErrorMessage" time="4.067"/>
</testsuite> <!-- TestCases.BaseTest -->
